  LoginProcess.cpp
c:\users\sangh\desktop\프로젝트\kakaoprogram\kakaoprogram\inc\querylist.h(29): warning C4244: '인수': 'INT64'에서 '_Elem'(으)로 변환하면서 데이터가 손실될 수 있습니다.
          with
          [
              _Elem=char
          ]
c:\users\sangh\desktop\프로젝트\kakaoprogram\kakaoprogram\inc\querylist.h(38): warning C4244: '인수': 'INT64'에서 '_Elem'(으)로 변환하면서 데이터가 손실될 수 있습니다.
          with
          [
              _Elem=char
          ]
c:\users\sangh\desktop\프로젝트\kakaoprogram\kakaoprogram\src\loginprocess.cpp(122): warning C4018: '<': signed 또는 unsigned가 일치하지 않습니다.
  PckProcessor.cpp
c:\users\sangh\desktop\프로젝트\kakaoprogram\kakaoprogram\inc\querylist.h(29): warning C4244: '인수': 'INT64'에서 '_Elem'(으)로 변환하면서 데이터가 손실될 수 있습니다.
          with
          [
              _Elem=char
          ]
c:\users\sangh\desktop\프로젝트\kakaoprogram\kakaoprogram\inc\querylist.h(38): warning C4244: '인수': 'INT64'에서 '_Elem'(으)로 변환하면서 데이터가 손실될 수 있습니다.
          with
          [
              _Elem=char
          ]
  코드를 생성하고 있습니다...
SockAddress.obj : warning LNK4221: 이 개체 파일은 이전에 정의되지 않은 공용 기호를 정의하지 않으므로 이 라이브러리를 사용하는 어떠한 링크 작업에도 사용되지 않습니다.
  KaKaoProgram.vcxproj -> C:\Users\sangh\Desktop\프로젝트\kakaoProgram\Debug\KaKaoProgram.lib
