  Engine.cpp
c:\users\sangh\desktop\프로젝트\kakaoprogram\kakaoprogram\inc\stream.h(25): warning C4312: '형식 캐스트': 'const int32_t'에서 더 큰 'const char *'(으)로의 변환입니다.
c:\users\sangh\desktop\프로젝트\kakaoprogram\kakaoprogram\inc\stream.h(52): warning C4312: '형식 캐스트': 'int32_t'에서 더 큰 'char *'(으)로의 변환입니다.
  Logger.cpp
c:\users\sangh\desktop\프로젝트\kakaoprogram\kakaoprogram\inc\stream.h(25): warning C4312: '형식 캐스트': 'const int32_t'에서 더 큰 'const char *'(으)로의 변환입니다.
c:\users\sangh\desktop\프로젝트\kakaoprogram\kakaoprogram\inc\stream.h(52): warning C4312: '형식 캐스트': 'int32_t'에서 더 큰 'char *'(으)로의 변환입니다.
  PckProcessor.cpp
c:\users\sangh\desktop\프로젝트\kakaoprogram\kakaoprogram\inc\stream.h(25): warning C4312: '형식 캐스트': 'const int32_t'에서 더 큰 'const char *'(으)로의 변환입니다.
c:\users\sangh\desktop\프로젝트\kakaoprogram\kakaoprogram\inc\stream.h(52): warning C4312: '형식 캐스트': 'int32_t'에서 더 큰 'char *'(으)로의 변환입니다.
  SockAddress.cpp
c:\users\sangh\desktop\프로젝트\kakaoprogram\kakaoprogram\inc\stream.h(25): warning C4312: '형식 캐스트': 'const int32_t'에서 더 큰 'const char *'(으)로의 변환입니다.
c:\users\sangh\desktop\프로젝트\kakaoprogram\kakaoprogram\inc\stream.h(52): warning C4312: '형식 캐스트': 'int32_t'에서 더 큰 'char *'(으)로의 변환입니다.
  SocketUtil.cpp
c:\users\sangh\desktop\프로젝트\kakaoprogram\kakaoprogram\inc\stream.h(25): warning C4312: '형식 캐스트': 'const int32_t'에서 더 큰 'const char *'(으)로의 변환입니다.
c:\users\sangh\desktop\프로젝트\kakaoprogram\kakaoprogram\inc\stream.h(52): warning C4312: '형식 캐스트': 'int32_t'에서 더 큰 'char *'(으)로의 변환입니다.
  Stream.cpp
c:\users\sangh\desktop\프로젝트\kakaoprogram\kakaoprogram\inc\stream.h(25): warning C4312: '형식 캐스트': 'const int32_t'에서 더 큰 'const char *'(으)로의 변환입니다.
c:\users\sangh\desktop\프로젝트\kakaoprogram\kakaoprogram\inc\stream.h(52): warning C4312: '형식 캐스트': 'int32_t'에서 더 큰 'char *'(으)로의 변환입니다.
c:\users\sangh\desktop\프로젝트\kakaoprogram\kakaoprogram\src\stream.cpp(56): warning C4267: '인수': 'size_t'에서 'const int32_t'(으)로 변환하면서 데이터가 손실될 수 있습니다.
  TCPSocket.cpp
c:\users\sangh\desktop\프로젝트\kakaoprogram\kakaoprogram\inc\stream.h(25): warning C4312: '형식 캐스트': 'const int32_t'에서 더 큰 'const char *'(으)로의 변환입니다.
c:\users\sangh\desktop\프로젝트\kakaoprogram\kakaoprogram\inc\stream.h(52): warning C4312: '형식 캐스트': 'int32_t'에서 더 큰 'char *'(으)로의 변환입니다.
  코드를 생성하고 있습니다...
SockAddress.obj : warning LNK4221: 이 개체 파일은 이전에 정의되지 않은 공용 기호를 정의하지 않으므로 이 라이브러리를 사용하는 어떠한 링크 작업에도 사용되지 않습니다.
Engine.obj : warning LNK4221: 이 개체 파일은 이전에 정의되지 않은 공용 기호를 정의하지 않으므로 이 라이브러리를 사용하는 어떠한 링크 작업에도 사용되지 않습니다.
  KaKaoProgram.vcxproj -> C:\Users\sangh\Desktop\프로젝트\kakaoProgram\x64\Debug\KaKaoProgram.lib
