  DBManager.cpp
c:\users\sangh\desktop\프로젝트\kakaoprogram\kakaoprogram\inc\querylist.h(29): warning C4244: '인수': 'INT64'에서 '_Elem'(으)로 변환하면서 데이터가 손실될 수 있습니다.
          with
          [
              _Elem=char
          ]
c:\users\sangh\desktop\프로젝트\kakaoprogram\kakaoprogram\inc\querylist.h(38): warning C4244: '인수': 'INT64'에서 '_Elem'(으)로 변환하면서 데이터가 손실될 수 있습니다.
          with
          [
              _Elem=char
          ]
  Server.cpp
c:\users\sangh\desktop\프로젝트\kakaoprogram\kakaoprogram\inc\querylist.h(29): warning C4244: '인수': 'INT64'에서 '_Elem'(으)로 변환하면서 데이터가 손실될 수 있습니다.
          with
          [
              _Elem=char
          ]
c:\users\sangh\desktop\프로젝트\kakaoprogram\kakaoprogram\inc\querylist.h(38): warning C4244: '인수': 'INT64'에서 '_Elem'(으)로 변환하면서 데이터가 손실될 수 있습니다.
          with
          [
              _Elem=char
          ]
  코드를 생성하고 있습니다...
  KaKaoServer.vcxproj -> C:\Users\sangh\Desktop\프로젝트\kakaoProgram\Debug\KaKaoServer.exe
