c:\users\sangh\desktop\프로젝트\kakaoprogram\kakaoserver\debug\vc141.pdb
c:\users\sangh\desktop\프로젝트\kakaoprogram\kakaoserver\debug\vc141.idb
c:\users\sangh\desktop\프로젝트\kakaoprogram\kakaoserver\debug\servmain.obj
c:\users\sangh\desktop\프로젝트\kakaoprogram\kakaoserver\debug\server.obj
c:\users\sangh\desktop\프로젝트\kakaoprogram\kakaoserver\debug\networklogic.obj
c:\users\sangh\desktop\프로젝트\kakaoprogram\kakaoserver\debug\processmanager.obj
c:\users\sangh\desktop\프로젝트\kakaoprogram\kakaoserver\debug\packetfactory.obj
c:\users\sangh\desktop\프로젝트\kakaoprogram\kakaoserver\debug\dbmanager.obj
c:\users\sangh\desktop\프로젝트\kakaoprogram\debug\kakaoserver.pdb
c:\users\sangh\desktop\프로젝트\kakaoprogram\kakaoserver\debug\kakaoserver.tlog\cl.command.1.tlog
c:\users\sangh\desktop\프로젝트\kakaoprogram\kakaoserver\debug\kakaoserver.tlog\cl.read.1.tlog
c:\users\sangh\desktop\프로젝트\kakaoprogram\kakaoserver\debug\kakaoserver.tlog\cl.write.1.tlog
c:\users\sangh\desktop\프로젝트\kakaoprogram\kakaoserver\debug\kakaoserver.tlog\link.26880-cvtres.read.1.tlog
c:\users\sangh\desktop\프로젝트\kakaoprogram\kakaoserver\debug\kakaoserver.tlog\link.26880-cvtres.write.1.tlog
c:\users\sangh\desktop\프로젝트\kakaoprogram\kakaoserver\debug\kakaoserver.tlog\link.26880-rc.read.1.tlog
c:\users\sangh\desktop\프로젝트\kakaoprogram\kakaoserver\debug\kakaoserver.tlog\link.26880-rc.write.1.tlog
c:\users\sangh\desktop\프로젝트\kakaoprogram\kakaoserver\debug\kakaoserver.tlog\link.26880.read.1.tlog
c:\users\sangh\desktop\프로젝트\kakaoprogram\kakaoserver\debug\kakaoserver.tlog\link.26880.write.1.tlog
c:\users\sangh\desktop\프로젝트\kakaoprogram\kakaoserver\debug\kakaoserver.tlog\link.command.1.tlog
c:\users\sangh\desktop\프로젝트\kakaoprogram\kakaoserver\debug\kakaoserver.tlog\link.read.1.tlog
c:\users\sangh\desktop\프로젝트\kakaoprogram\kakaoserver\debug\kakaoserver.tlog\link.write.1.tlog
